Arguments: 
  C:\Program Files\nodejs\node.exe C:\Users\hasee\AppData\Roaming\npm\node_modules\yarn\bin\yarn.js add gatsby react react-dom

PATH: 
  C:\Users\hasee\bin;C:\Program Files\Git\mingw64\bin;C:\Program Files\Git\usr\local\bin;C:\Program Files\Git\usr\bin;C:\Program Files\Git\usr\bin;C:\Program Files\Git\cmd;C:\Windows\system32;C:\Windows;C:\Windows\System32\Wbem;C:\Windows\System32\WindowsPowerShell\v1.0;C:\Windows\System32\OpenSSH;C:\Program Files (x86)\NVIDIA Corporation\PhysX\Common;C:\Program Files\Git\cmd;C:\Program Files\nodejs;C:\Users\hasee\AppData\Local\Microsoft\WindowsApps;C:\Users\hasee\AppData\Local\hyper\app-3.0.2\resources\bin;C:\Users\hasee\AppData\Roaming\npm;C:\Users\hasee\AppData\Local\Programs\Microsoft VS Code\bin;C:\Program Files\Git\usr\bin\vendor_perl;C:\Program Files\Git\usr\bin\core_perl

Yarn version: 
  1.22.10

Node version: 
  14.15.5

Platform: 
  win32 x64

Trace: 
  SyntaxError: D:\web\bootcamp\gatsby-todo-app\packages\www\package.json: Unexpected token } in JSON at position 86
      at JSON.parse (<anonymous>)
      at C:\Users\hasee\AppData\Roaming\npm\node_modules\yarn\lib\cli.js:1625:59
      at Generator.next (<anonymous>)
      at step (C:\Users\hasee\AppData\Roaming\npm\node_modules\yarn\lib\cli.js:310:30)
      at C:\Users\hasee\AppData\Roaming\npm\node_modules\yarn\lib\cli.js:321:13

npm manifest: 
  {
    "name": "www",
    "version": "1.0.0",
    "main": "index.js",
    "license": "MIT",
    
  }

yarn manifest: 
  No manifest

Lockfile: 
  No lockfile
